mode: atomic
github.com/walteh/buildrc/internal/file/afero.go:14.49,18.2 1 4
github.com/walteh/buildrc/internal/file/afero.go:20.91,24.16 2 4
github.com/walteh/buildrc/internal/file/afero.go:24.16,26.3 1 0
github.com/walteh/buildrc/internal/file/afero.go:28.2,28.17 1 4
github.com/walteh/buildrc/internal/file/afero.go:31.86,35.16 2 2
github.com/walteh/buildrc/internal/file/afero.go:35.16,37.3 1 0
github.com/walteh/buildrc/internal/file/afero.go:39.2,39.12 1 2
github.com/walteh/buildrc/internal/file/afero.go:42.94,45.16 2 4
github.com/walteh/buildrc/internal/file/afero.go:45.16,47.3 1 0
github.com/walteh/buildrc/internal/file/afero.go:48.2,52.16 3 4
github.com/walteh/buildrc/internal/file/afero.go:52.16,54.3 1 0
github.com/walteh/buildrc/internal/file/afero.go:56.2,56.12 1 4
github.com/walteh/buildrc/internal/file/afero.go:59.76,63.16 2 2
github.com/walteh/buildrc/internal/file/afero.go:63.16,65.3 1 0
github.com/walteh/buildrc/internal/file/afero.go:67.2,67.12 1 2
github.com/walteh/buildrc/internal/file/afero.go:70.99,73.16 2 0
github.com/walteh/buildrc/internal/file/afero.go:73.16,75.3 1 0
github.com/walteh/buildrc/internal/file/afero.go:77.2,77.15 1 0
github.com/walteh/buildrc/internal/file/memory.go:13.40,17.2 1 2
github.com/walteh/buildrc/internal/file/move.go:9.69,10.45 1 0
github.com/walteh/buildrc/internal/file/move.go:10.45,12.3 1 0
github.com/walteh/buildrc/internal/file/move.go:13.2,13.12 1 0
github.com/walteh/buildrc/internal/file/noop.go:8.34,10.2 1 0
github.com/walteh/buildrc/internal/file/noop.go:12.71,14.2 1 0
github.com/walteh/buildrc/internal/file/noop.go:16.66,18.2 1 0
github.com/walteh/buildrc/internal/file/os.go:11.26,15.2 1 2
github.com/walteh/buildrc/internal/file/sha256.go:14.81,21.16 4 0
github.com/walteh/buildrc/internal/file/sha256.go:21.16,23.3 1 0
github.com/walteh/buildrc/internal/file/sha256.go:26.2,27.16 2 0
github.com/walteh/buildrc/internal/file/sha256.go:27.16,29.3 1 0
github.com/walteh/buildrc/internal/file/sha256.go:30.2,34.49 3 0
github.com/walteh/buildrc/internal/file/sha256.go:34.49,36.3 1 0
github.com/walteh/buildrc/internal/file/sha256.go:37.2,43.16 4 0
github.com/walteh/buildrc/internal/file/sha256.go:43.16,45.3 1 0
github.com/walteh/buildrc/internal/file/sha256.go:47.2,47.17 1 0
github.com/walteh/buildrc/internal/file/targz.go:16.78,27.16 2 4
github.com/walteh/buildrc/internal/file/targz.go:27.16,29.3 1 0
github.com/walteh/buildrc/internal/file/targz.go:31.2,32.16 2 4
github.com/walteh/buildrc/internal/file/targz.go:32.16,34.3 1 0
github.com/walteh/buildrc/internal/file/targz.go:35.2,41.16 5 4
github.com/walteh/buildrc/internal/file/targz.go:41.16,43.3 1 0
github.com/walteh/buildrc/internal/file/targz.go:45.2,47.56 2 4
github.com/walteh/buildrc/internal/file/targz.go:47.56,49.3 1 0
github.com/walteh/buildrc/internal/file/targz.go:51.2,51.17 1 4
github.com/walteh/buildrc/internal/file/targz.go:54.94,57.16 2 9
github.com/walteh/buildrc/internal/file/targz.go:57.16,59.3 1 0
github.com/walteh/buildrc/internal/file/targz.go:61.2,61.19 1 9
github.com/walteh/buildrc/internal/file/targz.go:61.19,64.17 2 3
github.com/walteh/buildrc/internal/file/targz.go:64.17,66.4 1 0
github.com/walteh/buildrc/internal/file/targz.go:68.3,68.30 1 3
github.com/walteh/buildrc/internal/file/targz.go:68.30,71.18 3 5
github.com/walteh/buildrc/internal/file/targz.go:71.18,73.5 1 0
github.com/walteh/buildrc/internal/file/targz.go:75.4,77.59 2 5
github.com/walteh/buildrc/internal/file/targz.go:77.59,79.5 1 0
github.com/walteh/buildrc/internal/file/targz.go:82.3,90.45 2 3
github.com/walteh/buildrc/internal/file/targz.go:90.45,92.4 1 0
github.com/walteh/buildrc/internal/file/targz.go:94.3,95.13 2 3
github.com/walteh/buildrc/internal/file/targz.go:98.2,99.16 2 6
github.com/walteh/buildrc/internal/file/targz.go:99.16,101.3 1 0
github.com/walteh/buildrc/internal/file/targz.go:103.2,112.44 2 6
github.com/walteh/buildrc/internal/file/targz.go:112.44,114.3 1 0
github.com/walteh/buildrc/internal/file/targz.go:116.2,116.42 1 6
github.com/walteh/buildrc/internal/file/targz.go:116.42,118.3 1 0
github.com/walteh/buildrc/internal/file/targz.go:120.2,122.12 2 6
github.com/walteh/buildrc/internal/file/targz.go:125.80,128.16 2 4
github.com/walteh/buildrc/internal/file/targz.go:128.16,130.3 1 0
github.com/walteh/buildrc/internal/file/targz.go:131.2,136.16 4 4
github.com/walteh/buildrc/internal/file/targz.go:136.16,138.3 1 0
github.com/walteh/buildrc/internal/file/targz.go:139.2,143.20 3 4
github.com/walteh/buildrc/internal/file/targz.go:143.20,145.20 2 13
github.com/walteh/buildrc/internal/file/targz.go:145.20,146.9 1 4
github.com/walteh/buildrc/internal/file/targz.go:148.3,148.17 1 9
github.com/walteh/buildrc/internal/file/targz.go:148.17,150.4 1 0
github.com/walteh/buildrc/internal/file/targz.go:152.3,153.34 2 9
github.com/walteh/buildrc/internal/file/targz.go:153.34,154.54 1 3
github.com/walteh/buildrc/internal/file/targz.go:154.54,156.5 1 0
github.com/walteh/buildrc/internal/file/targz.go:157.4,158.12 2 3
github.com/walteh/buildrc/internal/file/targz.go:159.9,159.40 1 6
github.com/walteh/buildrc/internal/file/targz.go:159.40,162.4 1 3
github.com/walteh/buildrc/internal/file/targz.go:164.3,165.17 2 6
github.com/walteh/buildrc/internal/file/targz.go:165.17,167.4 1 0
github.com/walteh/buildrc/internal/file/targz.go:169.3,170.17 2 6
github.com/walteh/buildrc/internal/file/targz.go:170.17,172.4 1 0
github.com/walteh/buildrc/internal/file/targz.go:174.3,174.42 1 6
github.com/walteh/buildrc/internal/file/targz.go:174.42,176.4 1 0
github.com/walteh/buildrc/internal/file/targz.go:178.3,178.80 1 6
github.com/walteh/buildrc/internal/file/targz.go:182.2,183.16 2 4
github.com/walteh/buildrc/internal/file/targz.go:183.16,185.3 1 0
github.com/walteh/buildrc/internal/file/targz.go:187.2,187.17 1 4
github.com/walteh/buildrc/internal/git/golang.go:21.40,23.2 1 0
github.com/walteh/buildrc/internal/git/golang.go:25.100,27.16 2 0
github.com/walteh/buildrc/internal/git/golang.go:27.16,29.3 1 0
github.com/walteh/buildrc/internal/git/golang.go:31.2,32.16 2 0
github.com/walteh/buildrc/internal/git/golang.go:32.16,34.3 1 0
github.com/walteh/buildrc/internal/git/golang.go:37.2,38.16 2 0
github.com/walteh/buildrc/internal/git/golang.go:38.16,40.3 1 0
github.com/walteh/buildrc/internal/git/golang.go:43.2,43.32 1 0
github.com/walteh/buildrc/internal/git/golang.go:46.102,48.16 2 0
github.com/walteh/buildrc/internal/git/golang.go:48.16,50.3 1 0
github.com/walteh/buildrc/internal/git/golang.go:52.2,53.16 2 0
github.com/walteh/buildrc/internal/git/golang.go:53.16,55.3 1 0
github.com/walteh/buildrc/internal/git/golang.go:57.2,57.34 1 0
github.com/walteh/buildrc/internal/git/golang.go:60.102,62.16 2 0
github.com/walteh/buildrc/internal/git/golang.go:62.16,64.3 1 0
github.com/walteh/buildrc/internal/git/golang.go:66.2,67.16 2 0
github.com/walteh/buildrc/internal/git/golang.go:67.16,69.3 1 0
github.com/walteh/buildrc/internal/git/golang.go:71.2,71.35 1 0
github.com/walteh/buildrc/internal/git/golang.go:74.166,78.16 3 0
github.com/walteh/buildrc/internal/git/golang.go:78.16,81.3 2 0
github.com/walteh/buildrc/internal/git/golang.go:83.2,83.91 1 0
github.com/walteh/buildrc/internal/git/golang.go:86.146,91.34 2 0
github.com/walteh/buildrc/internal/git/golang.go:91.34,93.3 1 0
github.com/walteh/buildrc/internal/git/golang.go:95.2,97.13 2 0
github.com/walteh/buildrc/internal/git/golang.go:98.14,99.26 1 0
github.com/walteh/buildrc/internal/git/golang.go:100.16,101.28 1 0
github.com/walteh/buildrc/internal/git/golang.go:102.14,103.26 1 0
github.com/walteh/buildrc/internal/git/golang.go:104.10,105.40 1 0
github.com/walteh/buildrc/internal/git/golang.go:108.2,111.16 3 0
github.com/walteh/buildrc/internal/git/golang.go:111.16,113.17 2 0
github.com/walteh/buildrc/internal/git/golang.go:113.17,115.4 1 0
github.com/walteh/buildrc/internal/git/golang.go:118.2,119.16 2 0
github.com/walteh/buildrc/internal/git/golang.go:119.16,121.3 1 0
github.com/walteh/buildrc/internal/git/golang.go:123.2,123.30 1 0
github.com/walteh/buildrc/internal/git/golang.go:126.113,129.16 2 0
github.com/walteh/buildrc/internal/git/golang.go:129.16,131.3 1 0
github.com/walteh/buildrc/internal/git/golang.go:133.2,134.16 2 0
github.com/walteh/buildrc/internal/git/golang.go:134.16,136.3 1 0
github.com/walteh/buildrc/internal/git/golang.go:138.2,144.20 4 0
github.com/walteh/buildrc/internal/git/golang.go:144.20,147.17 2 0
github.com/walteh/buildrc/internal/git/golang.go:147.17,148.9 1 0
github.com/walteh/buildrc/internal/git/golang.go:150.3,151.59 2 0
github.com/walteh/buildrc/internal/git/golang.go:151.59,153.18 2 0
github.com/walteh/buildrc/internal/git/golang.go:153.18,155.5 1 0
github.com/walteh/buildrc/internal/git/golang.go:157.4,157.55 1 0
github.com/walteh/buildrc/internal/git/golang.go:157.55,159.5 1 0
github.com/walteh/buildrc/internal/git/golang.go:160.4,160.14 1 0
github.com/walteh/buildrc/internal/git/golang.go:162.3,162.17 1 0
github.com/walteh/buildrc/internal/git/golang.go:162.17,164.4 1 0
github.com/walteh/buildrc/internal/git/golang.go:166.3,166.28 1 0
github.com/walteh/buildrc/internal/git/golang.go:166.28,167.9 1 0
github.com/walteh/buildrc/internal/git/golang.go:170.3,170.30 1 0
github.com/walteh/buildrc/internal/git/golang.go:170.30,172.18 2 0
github.com/walteh/buildrc/internal/git/golang.go:172.18,173.10 1 0
github.com/walteh/buildrc/internal/git/golang.go:175.9,176.9 1 0
github.com/walteh/buildrc/internal/git/golang.go:179.2,179.16 1 0
github.com/walteh/buildrc/internal/git/golang.go:179.16,181.3 1 0
github.com/walteh/buildrc/internal/git/golang.go:183.2,183.24 1 0
github.com/walteh/buildrc/internal/git/golang.go:183.24,185.17 2 0
github.com/walteh/buildrc/internal/git/golang.go:185.17,187.12 2 0
github.com/walteh/buildrc/internal/git/golang.go:190.3,190.57 1 0
github.com/walteh/buildrc/internal/git/golang.go:190.57,192.4 1 0
github.com/walteh/buildrc/internal/git/golang.go:196.2,196.25 1 0
github.com/walteh/buildrc/internal/git/golang.go:196.25,199.3 2 0
github.com/walteh/buildrc/internal/git/golang.go:201.2,202.26 2 0
github.com/walteh/buildrc/internal/git/golang.go:205.111,207.16 2 0
github.com/walteh/buildrc/internal/git/golang.go:207.16,210.3 2 0
github.com/walteh/buildrc/internal/git/golang.go:212.2,213.16 2 0
github.com/walteh/buildrc/internal/git/golang.go:213.16,216.3 2 0
github.com/walteh/buildrc/internal/git/golang.go:218.2,218.23 1 0
github.com/walteh/buildrc/internal/git/golang.go:218.23,221.3 2 0
github.com/walteh/buildrc/internal/git/golang.go:223.2,234.8 5 0
github.com/walteh/buildrc/internal/git/golang.go:237.105,239.16 2 0
github.com/walteh/buildrc/internal/git/golang.go:239.16,241.3 1 0
github.com/walteh/buildrc/internal/git/golang.go:243.2,243.28 1 0
github.com/walteh/buildrc/internal/git/memory.go:18.100,20.2 1 0
github.com/walteh/buildrc/internal/git/memory.go:22.123,24.2 1 0
github.com/walteh/buildrc/internal/git/memory.go:34.75,36.2 1 0
github.com/walteh/buildrc/internal/git/memory.go:38.119,40.2 1 0
github.com/walteh/buildrc/internal/git/memory.go:50.64,52.2 1 0
github.com/walteh/buildrc/internal/git/memory.go:54.125,57.2 2 0
github.com/walteh/buildrc/internal/git/memory.go:59.145,61.2 1 0
github.com/walteh/buildrc/internal/git/memory.go:63.101,64.28 1 0
github.com/walteh/buildrc/internal/git/memory.go:64.28,65.19 1 0
github.com/walteh/buildrc/internal/git/memory.go:65.19,67.4 1 0
github.com/walteh/buildrc/internal/git/memory.go:69.2,69.17 1 0
github.com/walteh/buildrc/internal/git/memory.go:72.99,73.28 1 0
github.com/walteh/buildrc/internal/git/memory.go:73.28,74.17 1 0
github.com/walteh/buildrc/internal/git/memory.go:74.17,76.4 1 0
github.com/walteh/buildrc/internal/git/memory.go:78.2,78.17 1 0
github.com/walteh/buildrc/internal/git/memory.go:81.121,86.2 1 0
github.com/walteh/buildrc/internal/git/memory.go:88.105,90.2 1 0
github.com/walteh/buildrc/internal/git/memory.go:92.108,94.2 1 0
github.com/walteh/buildrc/internal/git/memory.go:96.113,98.2 1 0
github.com/walteh/buildrc/internal/git/memory.go:100.97,102.2 1 0
github.com/walteh/buildrc/internal/git/metadata.go:42.98,45.16 2 0
github.com/walteh/buildrc/internal/git/metadata.go:45.16,47.3 1 0
github.com/walteh/buildrc/internal/git/metadata.go:49.2,50.16 2 0
github.com/walteh/buildrc/internal/git/metadata.go:50.16,52.3 1 0
github.com/walteh/buildrc/internal/git/metadata.go:54.2,55.16 2 0
github.com/walteh/buildrc/internal/git/metadata.go:55.16,57.3 1 0
github.com/walteh/buildrc/internal/git/metadata.go:59.2,60.16 2 0
github.com/walteh/buildrc/internal/git/metadata.go:60.16,62.3 1 0
github.com/walteh/buildrc/internal/git/metadata.go:64.2,69.8 1 0
github.com/walteh/buildrc/internal/git/metadata.go:72.102,74.16 2 0
github.com/walteh/buildrc/internal/git/metadata.go:74.16,76.3 1 0
github.com/walteh/buildrc/internal/git/metadata.go:78.2,78.30 1 0
github.com/walteh/buildrc/internal/git/metadata.go:78.30,80.3 1 0
github.com/walteh/buildrc/internal/git/metadata.go:82.2,82.30 1 0
github.com/walteh/buildrc/internal/git/metadata.go:85.130,88.16 2 0
github.com/walteh/buildrc/internal/git/metadata.go:88.16,90.3 1 0
github.com/walteh/buildrc/internal/git/metadata.go:92.2,93.16 2 0
github.com/walteh/buildrc/internal/git/metadata.go:93.16,95.3 1 0
github.com/walteh/buildrc/internal/git/metadata.go:97.2,108.18 11 0
github.com/walteh/buildrc/internal/git/metadata.go:111.143,114.16 2 0
github.com/walteh/buildrc/internal/git/metadata.go:114.16,116.3 1 0
github.com/walteh/buildrc/internal/git/metadata.go:118.2,121.18 3 0
github.com/walteh/buildrc/internal/git/metadata.go:124.66,127.16 3 0
github.com/walteh/buildrc/internal/git/metadata.go:127.16,129.3 1 0
github.com/walteh/buildrc/internal/git/metadata.go:130.2,130.25 1 0
github.com/walteh/buildrc/internal/git/metadata.go:136.145,139.16 2 0
github.com/walteh/buildrc/internal/git/metadata.go:139.16,141.3 1 0
github.com/walteh/buildrc/internal/git/metadata.go:143.2,144.16 2 0
github.com/walteh/buildrc/internal/git/metadata.go:144.16,146.3 1 0
github.com/walteh/buildrc/internal/git/metadata.go:148.2,149.16 2 0
github.com/walteh/buildrc/internal/git/metadata.go:149.16,151.3 1 0
github.com/walteh/buildrc/internal/git/metadata.go:153.2,166.8 1 0
github.com/walteh/buildrc/internal/git/metadata.go:169.60,172.23 2 0
github.com/walteh/buildrc/internal/git/metadata.go:172.23,174.3 1 0
github.com/walteh/buildrc/internal/git/metadata.go:176.2,179.16 3 0
github.com/walteh/buildrc/internal/git/metadata.go:179.16,181.3 1 0
github.com/walteh/buildrc/internal/git/metadata.go:183.2,183.25 1 0
github.com/walteh/buildrc/internal/git/pullrequest.go:23.47,25.2 1 1
github.com/walteh/buildrc/internal/git/pullrequest.go:27.117,30.16 2 5
github.com/walteh/buildrc/internal/git/pullrequest.go:30.16,32.3 1 1
github.com/walteh/buildrc/internal/git/pullrequest.go:34.2,34.19 1 4
github.com/walteh/buildrc/internal/git/pullrequest.go:34.19,36.3 1 2
github.com/walteh/buildrc/internal/git/pullrequest.go:38.2,38.38 1 2
github.com/walteh/buildrc/internal/git/pullrequest.go:38.38,40.3 1 0
github.com/walteh/buildrc/internal/git/pullrequest.go:42.2,42.25 1 2
github.com/walteh/buildrc/internal/git/pullrequest.go:42.25,43.27 1 2
github.com/walteh/buildrc/internal/git/pullrequest.go:43.27,45.4 1 2
github.com/walteh/buildrc/internal/git/pullrequest.go:48.2,48.55 1 0
github.com/walteh/buildrc/internal/git/pullrequest.go:51.148,54.16 2 2
github.com/walteh/buildrc/internal/git/pullrequest.go:54.16,56.3 1 0
github.com/walteh/buildrc/internal/git/pullrequest.go:58.2,59.16 2 2
github.com/walteh/buildrc/internal/git/pullrequest.go:59.16,61.3 1 0
github.com/walteh/buildrc/internal/git/pullrequest.go:63.2,63.22 1 2
github.com/walteh/buildrc/internal/git/pullrequest.go:63.22,65.3 1 0
github.com/walteh/buildrc/internal/git/pullrequest.go:67.2,68.16 2 2
github.com/walteh/buildrc/internal/git/pullrequest.go:68.16,70.3 1 0
github.com/walteh/buildrc/internal/git/pullrequest.go:72.2,72.25 1 2
github.com/walteh/buildrc/internal/git/pullrequest.go:72.25,73.17 1 1
github.com/walteh/buildrc/internal/git/pullrequest.go:73.17,74.12 1 0
github.com/walteh/buildrc/internal/git/pullrequest.go:77.3,78.17 2 1
github.com/walteh/buildrc/internal/git/pullrequest.go:78.17,79.38 1 0
github.com/walteh/buildrc/internal/git/pullrequest.go:79.38,81.13 2 0
github.com/walteh/buildrc/internal/git/pullrequest.go:83.4,83.19 1 0
github.com/walteh/buildrc/internal/git/pullrequest.go:86.3,88.37 2 1
github.com/walteh/buildrc/internal/git/pullrequest.go:88.37,90.4 1 1
github.com/walteh/buildrc/internal/git/pullrequest.go:93.2,93.29 1 1
github.com/walteh/buildrc/internal/git/release.go:32.110,35.16 2 0
github.com/walteh/buildrc/internal/git/release.go:35.16,37.3 1 0
github.com/walteh/buildrc/internal/git/release.go:39.2,40.16 2 0
github.com/walteh/buildrc/internal/git/release.go:40.16,42.3 1 0
github.com/walteh/buildrc/internal/git/release.go:44.2,44.31 1 0
github.com/walteh/buildrc/internal/git/release.go:44.31,45.46 1 0
github.com/walteh/buildrc/internal/git/release.go:45.46,48.4 2 0
github.com/walteh/buildrc/internal/git/release.go:51.2,51.23 1 0
github.com/walteh/buildrc/internal/git/release.go:54.107,58.42 2 0
github.com/walteh/buildrc/internal/git/release.go:58.42,61.17 2 0
github.com/walteh/buildrc/internal/git/release.go:61.17,63.4 1 0
github.com/walteh/buildrc/internal/git/release.go:65.3,66.17 2 0
github.com/walteh/buildrc/internal/git/release.go:66.17,68.4 1 0
github.com/walteh/buildrc/internal/git/release.go:72.2,72.12 1 0
github.com/walteh/buildrc/internal/git/release.go:75.54,77.2 1 0
github.com/walteh/buildrc/internal/git/tag.go:22.142,25.16 2 7
github.com/walteh/buildrc/internal/git/tag.go:25.16,27.3 1 1
github.com/walteh/buildrc/internal/git/tag.go:29.2,30.16 2 6
github.com/walteh/buildrc/internal/git/tag.go:30.16,32.3 1 1
github.com/walteh/buildrc/internal/git/tag.go:34.2,35.40 2 5
github.com/walteh/buildrc/internal/git/tag.go:35.40,37.3 1 1
github.com/walteh/buildrc/internal/git/tag.go:37.8,39.3 1 4
github.com/walteh/buildrc/internal/git/tag.go:41.2,42.16 2 5
github.com/walteh/buildrc/internal/git/tag.go:42.16,44.3 1 1
github.com/walteh/buildrc/internal/git/tag.go:49.2,50.16 2 4
github.com/walteh/buildrc/internal/git/tag.go:50.16,52.3 1 0
github.com/walteh/buildrc/internal/git/tag.go:54.2,54.21 1 4
github.com/walteh/buildrc/internal/git/tag.go:54.21,55.16 1 2
github.com/walteh/buildrc/internal/git/tag.go:55.16,56.17 1 2
github.com/walteh/buildrc/internal/git/tag.go:56.17,58.5 1 0
github.com/walteh/buildrc/internal/git/tag.go:60.4,60.36 1 2
github.com/walteh/buildrc/internal/git/tag.go:60.36,63.5 1 1
github.com/walteh/buildrc/internal/git/tag.go:65.4,65.58 1 1
github.com/walteh/buildrc/internal/git/tag.go:66.9,68.4 1 0
github.com/walteh/buildrc/internal/git/tag.go:71.2,72.16 2 2
github.com/walteh/buildrc/internal/git/tag.go:72.16,73.38 1 1
github.com/walteh/buildrc/internal/git/tag.go:73.38,77.4 1 1
github.com/walteh/buildrc/internal/git/tag.go:78.3,78.27 1 0
github.com/walteh/buildrc/internal/git/tag.go:81.2,82.16 2 1
github.com/walteh/buildrc/internal/git/tag.go:82.16,84.3 1 0
github.com/walteh/buildrc/internal/git/tag.go:86.2,86.27 1 1
github.com/walteh/buildrc/internal/git/tag.go:86.27,89.3 1 0
github.com/walteh/buildrc/internal/git/tag.go:92.2,92.45 1 1
github.com/walteh/buildrc/internal/git/tag.go:96.143,99.16 2 7
github.com/walteh/buildrc/internal/git/tag.go:99.16,101.3 1 3
github.com/walteh/buildrc/internal/git/tag.go:103.2,105.25 2 4
github.com/walteh/buildrc/internal/git/tag.go:105.25,107.3 1 0
github.com/walteh/buildrc/internal/git/tag.go:109.2,112.16 3 4
github.com/walteh/buildrc/internal/git/tag.go:112.16,114.3 1 0
github.com/walteh/buildrc/internal/git/tag.go:116.2,116.15 1 4
github.com/walteh/buildrc/internal/git/tag.go:117.31,119.20 2 1
github.com/walteh/buildrc/internal/git/tag.go:120.48,121.75 1 1
github.com/walteh/buildrc/internal/git/tag.go:122.37,124.17 2 1
github.com/walteh/buildrc/internal/git/tag.go:124.17,126.4 1 0
github.com/walteh/buildrc/internal/git/tag.go:127.3,127.20 1 1
github.com/walteh/buildrc/internal/git/tag.go:128.32,129.16 1 1
github.com/walteh/buildrc/internal/git/tag.go:129.16,131.4 1 0
github.com/walteh/buildrc/internal/git/tag.go:132.3,134.17 3 1
github.com/walteh/buildrc/internal/git/tag.go:134.17,136.4 1 0
github.com/walteh/buildrc/internal/git/tag.go:137.3,138.17 2 1
github.com/walteh/buildrc/internal/git/tag.go:138.17,140.4 1 0
github.com/walteh/buildrc/internal/git/tag.go:141.3,141.20 1 1
github.com/walteh/buildrc/internal/git/tag.go:142.10,143.49 1 0
github.com/walteh/buildrc/tests/integration.go:12.38,13.29 1 1
github.com/walteh/buildrc/tests/integration.go:13.29,15.3 1 1
github.com/walteh/buildrc/tests/integration.go:18.65,21.27 3 1
github.com/walteh/buildrc/tests/integration.go:21.27,23.3 1 1
github.com/walteh/buildrc/tests/integration.go:25.2,25.12 1 1
github.com/walteh/buildrc/tests/version.go:17.56,51.43 13 1
github.com/walteh/buildrc/tests/version.go:51.43,54.3 2 1
